<?xml version="1.0" encoding="UTF-8"?>
<!-- Generated by org.testng.reporters.JUnitXMLReporter -->
<testsuite ignored="0" hostname="LAPTOP-BDELJV31" failures="0" tests="1" name="test-login" time="3.383" errors="0" timestamp="2022-10-01T18:10:53 IDT">
  <testcase classname="login.LoginTest" name="testLogin" time="3.321"/>
</testsuite> <!-- test-login -->
