<?xml version="1.0" encoding="UTF-8"?>
<!-- Generated by org.testng.reporters.JUnitXMLReporter -->
<testsuite ignored="0" hostname="LAPTOP-BDELJV31" failures="0" tests="1" name="test-login" time="3.578" errors="0" timestamp="2022-10-01T15:26:19 IDT">
  <testcase classname="login.LoginTest" name="testLogin" time="3.558"/>
</testsuite> <!-- test-login -->
