<?xml version="1.0" encoding="UTF-8"?>
<!-- Generated by org.testng.reporters.JUnitReportReporter -->
<testsuite hostname="LAPTOP-BDELJV31" failures="0" tests="1" name="login.LoginTest" time="3.275" errors="0" timestamp="2022-10-01T14:20:49 IDT" skipped="0">
  <testcase classname="login.LoginTest" name="testLogin" time="3.275"/>
  <system-out/>
</testsuite> <!-- login.LoginTest -->
