<?xml version="1.0" encoding="UTF-8"?>
<!-- Generated by org.testng.reporters.JUnitReportReporter -->
<testsuite hostname="LAPTOP-BDELJV31" failures="0" tests="1" name="login.LoginTest" time="2.814" errors="0" timestamp="2022-10-01T13:52:19 IDT" skipped="0">
  <testcase classname="login.LoginTest" name="testLogin" time="2.814"/>
  <system-out/>
</testsuite> <!-- login.LoginTest -->
