<?xml version="1.0" encoding="UTF-8"?>
<!-- Generated by org.testng.reporters.JUnitReportReporter -->
<testsuite hostname="LAPTOP-BDELJV31" failures="0" tests="1" name="login.LoginTest" time="3.694" errors="0" timestamp="2022-10-01T18:33:10 IDT" skipped="0">
  <testcase classname="login.LoginTest" name="testLogin" time="3.694"/>
  <system-out/>
</testsuite> <!-- login.LoginTest -->
