<?xml version="1.0" encoding="UTF-8"?>
<!-- Generated by org.testng.reporters.JUnitXMLReporter -->
<testsuite ignored="0" hostname="LAPTOP-BDELJV31" failures="0" tests="1" name="test-login" time="2.842" errors="0" timestamp="2022-10-01T13:52:03 IDT">
  <testcase classname="login.LoginTest" name="testLogin" time="2.814"/>
</testsuite> <!-- test-login -->
