<?xml version="1.0" encoding="UTF-8"?>
<!-- Generated by org.testng.reporters.JUnitXMLReporter -->
<testsuite ignored="0" hostname="LAPTOP-BDELJV31" failures="0" tests="1" name="test-login" time="3.305" errors="0" timestamp="2022-10-01T14:20:33 IDT">
  <testcase classname="login.LoginTest" name="testLogin" time="3.275"/>
</testsuite> <!-- test-login -->
